<?xml version="1.0" encoding="UTF-8"?>
<!-- Generated by org.testng.reporters.JUnitXMLReporter -->
<testsuite hostname="DESKTOP-JIT18G6" ignored="0" name="Parallel_Executing" tests="1" failures="1" timestamp="17 May 2018 15:18:15 GMT" time="0.014" errors="0">
  <testcase name="verufyTitle" time="0.0" classname="crossBrowsers.Parallel_Executing">
    <failure type="org.testng.TestNGException" message="
Cannot inject @Test annotated Method [verufyTitle] with [class java.lang.String].
For more information on native dependency injection please refer to http://testng.org/doc/documentation-main.html#native-dependency-injection">
      <![CDATA[org.testng.TestNGException: Cannot inject @Test annotated Method [verufyTitle] with [class java.lang.String].For more information on native dependency injection please refer to http://testng.org/doc/documentation-main.html#native-dependency-injection... Removed 24 stack frames]]>
    </failure>
  </testcase> <!-- verufyTitle -->
</testsuite> <!-- Parallel_Executing -->
